c:\users\ethan\documents\work\github\platformer-23-24-ethaneksteen\build\platformersfml.dir\debug\vc143.pdb
c:\users\ethan\documents\work\github\platformer-23-24-ethaneksteen\build\platformersfml.dir\debug\dynamic.obj
c:\users\ethan\documents\work\github\platformer-23-24-ethaneksteen\build\platformersfml.dir\debug\map.obj
c:\users\ethan\documents\work\github\platformer-23-24-ethaneksteen\build\platformersfml.dir\debug\vector2.obj
c:\users\ethan\documents\work\github\platformer-23-24-ethaneksteen\build\platformersfml.dir\debug\gameobject.obj
c:\users\ethan\documents\work\github\platformer-23-24-ethaneksteen\build\platformersfml.dir\debug\game.obj
c:\users\ethan\documents\work\github\platformer-23-24-ethaneksteen\build\platformersfml.dir\debug\main.obj
c:\users\ethan\documents\work\github\platformer-23-24-ethaneksteen\build\cmakefiles\generate.stamp
c:\users\ethan\documents\work\github\platformer-23-24-ethaneksteen\build\platformersfml.dir\debug\platformersfml.ilk
c:\users\ethan\documents\work\github\platformer-23-24-ethaneksteen\build\debug\platformersfml.exe
c:\users\ethan\documents\work\github\platformer-23-24-ethaneksteen\build\debug\platformersfml.pdb
c:\users\ethan\documents\work\github\platformer-23-24-ethaneksteen\build\platformersfml.dir\debug\platformersfml.tlog\cl.command.1.tlog
c:\users\ethan\documents\work\github\platformer-23-24-ethaneksteen\build\platformersfml.dir\debug\platformersfml.tlog\cl.items.tlog
c:\users\ethan\documents\work\github\platformer-23-24-ethaneksteen\build\platformersfml.dir\debug\platformersfml.tlog\cl.read.1.tlog
c:\users\ethan\documents\work\github\platformer-23-24-ethaneksteen\build\platformersfml.dir\debug\platformersfml.tlog\cl.write.1.tlog
c:\users\ethan\documents\work\github\platformer-23-24-ethaneksteen\build\platformersfml.dir\debug\platformersfml.tlog\custombuild.command.1.tlog
c:\users\ethan\documents\work\github\platformer-23-24-ethaneksteen\build\platformersfml.dir\debug\platformersfml.tlog\custombuild.read.1.tlog
c:\users\ethan\documents\work\github\platformer-23-24-ethaneksteen\build\platformersfml.dir\debug\platformersfml.tlog\custombuild.write.1.tlog
c:\users\ethan\documents\work\github\platformer-23-24-ethaneksteen\build\platformersfml.dir\debug\platformersfml.tlog\link.command.1.tlog
c:\users\ethan\documents\work\github\platformer-23-24-ethaneksteen\build\platformersfml.dir\debug\platformersfml.tlog\link.read.1.tlog
c:\users\ethan\documents\work\github\platformer-23-24-ethaneksteen\build\platformersfml.dir\debug\platformersfml.tlog\link.write.1.tlog
